<?xml version="1.0" encoding="UTF-8"?>
<!-- Generated by org.testng.reporters.JUnitXMLReporter -->
<testsuite ignored="0" hostname="LAPTOP-URC0MPI4" failures="0" tests="7" name="Test" time="83.916" errors="0" timestamp="2023-10-07T19:29:29 IST">
  <testcase classname="com.ecom.testCases.TestCase1" name="testDay1TestCase1" time="2.009"/>
  <testcase classname="com.ecom.testCases.TestCase1" name="testDay2TestCase2" time="1.655"/>
  <testcase classname="com.ecom.testCases.TestCase1" name="testDay3TestCase3" time="10.518"/>
  <testcase classname="com.ecom.testCases.TestCase1" name="testDay4TestCase4" time="4.889"/>
  <testcase classname="com.ecom.testCases.TestCases2" name="testDay5TestCase5" time="12.13"/>
  <testcase classname="com.ecom.testCases.TestCases2" name="test7" time="10.904"/>
  <testcase classname="com.ecom.testCases.TestCases2" name="testDay6TestCase6" time="10.579"/>
</testsuite> <!-- Test -->
