<?xml version="1.0" encoding="UTF-8"?>
<!-- Generated by org.testng.reporters.JUnitXMLReporter -->
<testsuite ignored="0" hostname="LAPTOP-URC0MPI4" failures="0" tests="7" name="Test1" time="120.739" errors="0" timestamp="2023-11-13T18:50:16 IST">
  <testcase classname="com.ecom.testCases.TestCase1" name="testDay1TestCase1" time="2.388"/>
  <testcase classname="com.ecom.testCases.TestCase1" name="testDay2TestCase2" time="1.481"/>
  <testcase classname="com.ecom.testCases.TestCase1" name="testDay2TestCase2" time="1.529"/>
  <testcase classname="com.ecom.testCases.TestCase1" name="testDay3TestCase3" time="12.663"/>
  <testcase classname="com.ecom.testCases.TestCase1" name="testDay3TestCase3" time="10.568"/>
  <testcase classname="com.ecom.testCases.TestCase1" name="testDay4TestCase4" time="8.517"/>
  <testcase classname="com.ecom.testCases.TestCase1" name="testDay4TestCase4" time="5.682"/>
</testsuite> <!-- Test1 -->
