<?xml version="1.0" encoding="UTF-8"?>
<!-- Generated by org.testng.reporters.JUnitXMLReporter -->
<testsuite ignored="0" hostname="LAPTOP-URC0MPI4" failures="0" tests="12" name="Test" time="84.807" errors="0" timestamp="2023-11-10T20:08:43 IST">
  <testcase classname="com.ecom.testCases.TestCase1" name="testDay1TestCase1" time="2.333"/>
  <testcase classname="com.ecom.testCases.TestCase1" name="testDay2TestCase2" time="1.77"/>
  <testcase classname="com.ecom.testCases.TestCases2" name="testDay5TestCase5" time="12.127"/>
  <testcase classname="com.ecom.testCases.TestCase1" name="testDay2TestCase2" time="2.196"/>
  <testcase classname="com.ecom.testCases.TestCases2" name="test7" time="12.773"/>
  <testcase classname="com.ecom.testCases.TestCase1" name="testDay3TestCase3" time="11.808"/>
  <testcase classname="com.ecom.testCases.TestCases2" name="test7" time="12.894"/>
  <testcase classname="com.ecom.testCases.TestCase1" name="testDay3TestCase3" time="12.772"/>
  <testcase classname="com.ecom.testCases.TestCase1" name="testDay4TestCase4" time="5.695"/>
  <testcase classname="com.ecom.testCases.TestCases2" name="test7" time="12.702"/>
  <testcase classname="com.ecom.testCases.TestCase1" name="testDay4TestCase4" time="5.651"/>
  <testcase classname="com.ecom.testCases.TestCases2" name="testDay6TestCase6" time="11.108"/>
</testsuite> <!-- Test -->
