<?xml version="1.0" encoding="UTF-8"?>
<testng-results ignored="0" total="3" passed="3" failed="0" skipped="0">
  <reporter-output>
  </reporter-output>
  <suite started-at="2023-09-22T22:22:32 IST" name="Default suite" finished-at="2023-09-22T22:22:54 IST" duration-ms="21974">
    <groups>
    </groups>
    <test started-at="2023-09-22T22:22:32 IST" name="Default test" finished-at="2023-09-22T22:22:54 IST" duration-ms="21974">
      <class name="com.ecom.testCases.TestCase1">
        <test-method is-config="true" signature="openWebSite()[pri:0, instance:com.ecom.testCases.TestCase1@3590fc5b]" started-at="2023-09-22T22:22:32 IST" name="openWebSite" finished-at="2023-09-22T22:22:39 IST" duration-ms="6714" status="PASS">
          <reporter-output>
          </reporter-output>
        </test-method> <!-- openWebSite -->
        <test-method signature="testDay2TestCase2()[pri:0, instance:com.ecom.testCases.TestCase1@3590fc5b]" started-at="2023-09-22T22:22:39 IST" name="testDay2TestCase2" finished-at="2023-09-22T22:22:41 IST" duration-ms="1944" status="PASS">
          <reporter-output>
          </reporter-output>
        </test-method> <!-- testDay2TestCase2 -->
        <test-method signature="testDay3TestCase3()[pri:0, instance:com.ecom.testCases.TestCase1@3590fc5b]" started-at="2023-09-22T22:22:41 IST" name="testDay3TestCase3" finished-at="2023-09-22T22:22:52 IST" duration-ms="11086" status="PASS">
          <reporter-output>
          </reporter-output>
        </test-method> <!-- testDay3TestCase3 -->
        <test-method signature="testDay1TestCase1()[pri:1, instance:com.ecom.testCases.TestCase1@3590fc5b]" started-at="2023-09-22T22:22:52 IST" name="testDay1TestCase1" finished-at="2023-09-22T22:22:54 IST" duration-ms="1836" status="PASS">
          <reporter-output>
          </reporter-output>
        </test-method> <!-- testDay1TestCase1 -->
        <test-method is-config="true" signature="tearDown()[pri:0, instance:com.ecom.testCases.TestCase1@3590fc5b]" started-at="2023-09-22T22:22:54 IST" name="tearDown" finished-at="2023-09-22T22:22:54 IST" duration-ms="329" status="PASS">
          <reporter-output>
          </reporter-output>
        </test-method> <!-- tearDown -->
      </class> <!-- com.ecom.testCases.TestCase1 -->
    </test> <!-- Default test -->
  </suite> <!-- Default suite -->
</testng-results>
