<?xml version="1.0" encoding="UTF-8"?>
<testng-results ignored="0" total="7" passed="7" failed="0" skipped="0">
  <reporter-output>
  </reporter-output>
  <suite started-at="2023-10-07T19:28:04 IST" name="Suite" finished-at="2023-10-07T19:29:28 IST" duration-ms="83916">
    <groups>
    </groups>
    <test started-at="2023-10-07T19:28:04 IST" name="Test" finished-at="2023-10-07T19:29:28 IST" duration-ms="83916">
      <class name="com.ecom.testCases.TestCases2">
        <test-method is-config="true" signature="openWebSite()[pri:0, instance:com.ecom.testCases.TestCases2@49c90a9c]" started-at="2023-10-07T19:28:42 IST" name="openWebSite" finished-at="2023-10-07T19:28:46 IST" duration-ms="4065" status="PASS">
          <reporter-output>
          </reporter-output>
        </test-method> <!-- openWebSite -->
        <test-method signature="testDay5TestCase5()[pri:0, instance:com.ecom.testCases.TestCases2@49c90a9c]" started-at="2023-10-07T19:28:46 IST" name="testDay5TestCase5" finished-at="2023-10-07T19:28:58 IST" duration-ms="12130" status="PASS">
          <reporter-output>
          </reporter-output>
        </test-method> <!-- testDay5TestCase5 -->
        <test-method is-config="true" signature="tearDown()[pri:0, instance:com.ecom.testCases.TestCases2@49c90a9c]" started-at="2023-10-07T19:28:58 IST" name="tearDown" finished-at="2023-10-07T19:28:58 IST" duration-ms="156" status="PASS">
          <reporter-output>
          </reporter-output>
        </test-method> <!-- tearDown -->
        <test-method is-config="true" signature="openWebSite()[pri:0, instance:com.ecom.testCases.TestCases2@49c90a9c]" started-at="2023-10-07T19:28:58 IST" name="openWebSite" finished-at="2023-10-07T19:29:02 IST" duration-ms="4105" status="PASS">
          <reporter-output>
          </reporter-output>
        </test-method> <!-- openWebSite -->
        <test-method signature="test7()[pri:0, instance:com.ecom.testCases.TestCases2@49c90a9c]" started-at="2023-10-07T19:29:02 IST" name="test7" finished-at="2023-10-07T19:29:13 IST" duration-ms="10904" status="PASS">
          <reporter-output>
          </reporter-output>
        </test-method> <!-- test7 -->
        <test-method is-config="true" signature="tearDown()[pri:0, instance:com.ecom.testCases.TestCases2@49c90a9c]" started-at="2023-10-07T19:29:13 IST" name="tearDown" finished-at="2023-10-07T19:29:13 IST" duration-ms="128" status="PASS">
          <reporter-output>
          </reporter-output>
        </test-method> <!-- tearDown -->
        <test-method is-config="true" signature="openWebSite()[pri:0, instance:com.ecom.testCases.TestCases2@49c90a9c]" started-at="2023-10-07T19:29:13 IST" name="openWebSite" finished-at="2023-10-07T19:29:18 IST" duration-ms="4239" status="PASS">
          <reporter-output>
          </reporter-output>
        </test-method> <!-- openWebSite -->
        <test-method signature="testDay6TestCase6()[pri:0, instance:com.ecom.testCases.TestCases2@49c90a9c]" started-at="2023-10-07T19:29:18 IST" name="testDay6TestCase6" finished-at="2023-10-07T19:29:28 IST" depends-on-methods="com.ecom.testCases.TestCases2.testDay5TestCase5" duration-ms="10579" status="PASS">
          <reporter-output>
          </reporter-output>
        </test-method> <!-- testDay6TestCase6 -->
        <test-method is-config="true" signature="tearDown()[pri:0, instance:com.ecom.testCases.TestCases2@49c90a9c]" started-at="2023-10-07T19:29:28 IST" name="tearDown" finished-at="2023-10-07T19:29:28 IST" duration-ms="161" status="PASS">
          <reporter-output>
          </reporter-output>
        </test-method> <!-- tearDown -->
      </class> <!-- com.ecom.testCases.TestCases2 -->
      <class name="com.ecom.testCases.TestCase1">
        <test-method is-config="true" signature="openWebSite()[pri:0, instance:com.ecom.testCases.TestCase1@5c86a017]" started-at="2023-10-07T19:28:05 IST" name="openWebSite" finished-at="2023-10-07T19:28:10 IST" duration-ms="5240" status="PASS">
          <reporter-output>
          </reporter-output>
        </test-method> <!-- openWebSite -->
        <test-method signature="testDay1TestCase1()[pri:0, instance:com.ecom.testCases.TestCase1@5c86a017]" started-at="2023-10-07T19:28:10 IST" name="testDay1TestCase1" finished-at="2023-10-07T19:28:12 IST" duration-ms="2009" status="PASS">
          <reporter-output>
          </reporter-output>
        </test-method> <!-- testDay1TestCase1 -->
        <test-method is-config="true" signature="tearDown()[pri:0, instance:com.ecom.testCases.TestCase1@5c86a017]" started-at="2023-10-07T19:28:12 IST" name="tearDown" finished-at="2023-10-07T19:28:12 IST" duration-ms="167" status="PASS">
          <reporter-output>
          </reporter-output>
        </test-method> <!-- tearDown -->
        <test-method is-config="true" signature="openWebSite()[pri:0, instance:com.ecom.testCases.TestCase1@5c86a017]" started-at="2023-10-07T19:28:12 IST" name="openWebSite" finished-at="2023-10-07T19:28:16 IST" duration-ms="4220" status="PASS">
          <reporter-output>
          </reporter-output>
        </test-method> <!-- openWebSite -->
        <test-method signature="testDay2TestCase2()[pri:0, instance:com.ecom.testCases.TestCase1@5c86a017]" started-at="2023-10-07T19:28:16 IST" name="testDay2TestCase2" finished-at="2023-10-07T19:28:18 IST" duration-ms="1655" status="PASS">
          <reporter-output>
          </reporter-output>
        </test-method> <!-- testDay2TestCase2 -->
        <test-method is-config="true" signature="tearDown()[pri:0, instance:com.ecom.testCases.TestCase1@5c86a017]" started-at="2023-10-07T19:28:18 IST" name="tearDown" finished-at="2023-10-07T19:28:18 IST" duration-ms="139" status="PASS">
          <reporter-output>
          </reporter-output>
        </test-method> <!-- tearDown -->
        <test-method is-config="true" signature="openWebSite()[pri:0, instance:com.ecom.testCases.TestCase1@5c86a017]" started-at="2023-10-07T19:28:18 IST" name="openWebSite" finished-at="2023-10-07T19:28:22 IST" duration-ms="4240" status="PASS">
          <reporter-output>
          </reporter-output>
        </test-method> <!-- openWebSite -->
        <test-method signature="testDay3TestCase3()[pri:0, instance:com.ecom.testCases.TestCase1@5c86a017]" started-at="2023-10-07T19:28:22 IST" name="testDay3TestCase3" finished-at="2023-10-07T19:28:33 IST" duration-ms="10518" status="PASS">
          <reporter-output>
          </reporter-output>
        </test-method> <!-- testDay3TestCase3 -->
        <test-method is-config="true" signature="tearDown()[pri:0, instance:com.ecom.testCases.TestCase1@5c86a017]" started-at="2023-10-07T19:28:33 IST" name="tearDown" finished-at="2023-10-07T19:28:33 IST" duration-ms="126" status="PASS">
          <reporter-output>
          </reporter-output>
        </test-method> <!-- tearDown -->
        <test-method is-config="true" signature="openWebSite()[pri:0, instance:com.ecom.testCases.TestCase1@5c86a017]" started-at="2023-10-07T19:28:33 IST" name="openWebSite" finished-at="2023-10-07T19:28:37 IST" duration-ms="4048" status="PASS">
          <reporter-output>
          </reporter-output>
        </test-method> <!-- openWebSite -->
        <test-method signature="testDay4TestCase4()[pri:0, instance:com.ecom.testCases.TestCase1@5c86a017]" started-at="2023-10-07T19:28:37 IST" name="testDay4TestCase4" finished-at="2023-10-07T19:28:42 IST" duration-ms="4889" status="PASS">
          <reporter-output>
          </reporter-output>
        </test-method> <!-- testDay4TestCase4 -->
        <test-method is-config="true" signature="tearDown()[pri:0, instance:com.ecom.testCases.TestCase1@5c86a017]" started-at="2023-10-07T19:28:42 IST" name="tearDown" finished-at="2023-10-07T19:28:42 IST" duration-ms="148" status="PASS">
          <reporter-output>
          </reporter-output>
        </test-method> <!-- tearDown -->
      </class> <!-- com.ecom.testCases.TestCase1 -->
    </test> <!-- Test -->
  </suite> <!-- Suite -->
</testng-results>
