<?xml version="1.0" encoding="UTF-8"?>
<!-- Generated by org.testng.reporters.JUnitXMLReporter -->
<testsuite ignored="0" hostname="LAPTOP-URC0MPI4" failures="0" tests="3" name="Default test" time="55.978" errors="0" timestamp="2023-11-06T14:50:10 IST">
  <testcase classname="com.ecom.testCases.TestCases2" name="test7" time="12.415"/>
  <testcase classname="com.ecom.testCases.TestCases2" name="test7" time="12.604"/>
  <testcase classname="com.ecom.testCases.TestCases2" name="test7" time="12.577"/>
</testsuite> <!-- Default test -->
