<?xml version="1.0" encoding="UTF-8"?>
<!-- Generated by org.testng.reporters.JUnitXMLReporter -->
<testsuite ignored="0" hostname="LAPTOP-URC0MPI4" failures="0" tests="3" name="Default test" time="21.974" errors="0" timestamp="2023-09-22T22:22:54 IST">
  <testcase classname="com.ecom.testCases.TestCase1" name="testDay2TestCase2" time="1.944"/>
  <testcase classname="com.ecom.testCases.TestCase1" name="testDay3TestCase3" time="11.086"/>
  <testcase classname="com.ecom.testCases.TestCase1" name="testDay1TestCase1" time="1.836"/>
</testsuite> <!-- Default test -->
